<?xml version="1.0" encoding="UTF-8"?>
<!-- Generated by org.testng.reporters.JUnitReportReporter -->
<testsuite hostname="DESKTOP-DN623TC" failures="0" tests="1" name="com.mystore.utilities.DemoTest" time="6.674" errors="0" timestamp="2025-09-04T14:08:01 IST" skipped="0">
  <testcase classname="com.mystore.utilities.DemoTest" name="f" time="6.674"/>
</testsuite> <!-- com.mystore.utilities.DemoTest -->
